[0:00:00 INFO]: 2025-07-02 00:02:15.395664
[0:00:00 INFO]: python -u examples/procgen_yrc.py --config configs/procgen_agent.yaml --mode train --type agent name=procgen_expert overwrite=1 device=2 env.train.distribution_mode=hard env.test.distribution_mode=hard algorithm.total_timesteps=25000000
[0:00:00 INFO]: Write log to experiments/procgen_expert/procgen_expert.train.log
[0:00:00 INFO]: name: procgen_expert
device: 2
seed: 10
env:
  name: procgen
  task: coinrun
  normalize_rew: false
  num_envs: 128
  num_threads: 8
  train:
    distribution_mode: hard
    seed: 0
    start_level: 0
    num_levels: 100000
  val_sim:
    distribution_mode: easy
    seed: 0
    start_level: 50000
    num_levels: 256
  val_true:
    distribution_mode: hard
    seed: 0
    start_level: 50000
    num_levels: 256
  test:
    distribution_mode: hard
    seed: 0
    start_level: 0
    num_levels: 100000
policy:
  name: ppo
  model:
    name: impala_ppo
  load_path: null
algorithm:
  name: ppo
  log_freq: 10
  save_freq: 0
  num_steps: 256
  total_timesteps: 25000000
  update_epochs: 3
  gamma: 0.999
  gae_lambda: 0.95
  num_minibatches: 8
  clip_coef: 0.2
  norm_adv: true
  clip_vloss: true
  vf_coef: 0.5
  ent_coef: 0.01
  max_grad_norm: 0.5
  learning_rate: 0.0005
  critic_pretrain_steps: 0
  anneal_lr: false
  log_action_id: 1
evaluation:
  num_episodes: 256
  max_num_steps: 256
  temperature: 1.0
  log_action_id: 1
eval_name: null
overwrite: true
use_wandb: false
experiment_dir: experiments/procgen_expert
train_novice: null
train_expert: null
test_novice: null
test_expert: null
coordination:
  expert_query_cost_weight: 0.4
  switch_agent_cost_weight: 0.0
  temperature: 1.0

[0:00:00 INFO]: Saved checkpoint to experiments/procgen_expert/last.ckpt
[0:00:00 INFO]: Evaluating on test split
[0:00:18 INFO]:    Steps:         60780
   Episode length: mean  237.42  min   34.00  max  256.00
   Reward:         mean 0.66 ± 0.31
   Base Reward:    mean 0.00 ± 0.00
   Action 1 fraction:    0.07

[0:00:18 INFO]: Saved checkpoint to experiments/procgen_expert/best_test.ckpt
[0:00:18 INFO]: BEST test so far
[0:00:18 INFO]:    Steps:         60780
   Episode length: mean  237.42  min   34.00  max  256.00
   Reward:         mean 0.66 ± 0.31
   Base Reward:    mean 0.00 ± 0.00
   Action 1 fraction:    0.07

[0:02:06 INFO]: Iteration 10
[0:02:06 INFO]: Train 327680 steps:
[0:02:06 INFO]: 
   Reward:      mean    4.40 ±    4.96
   Base Reward: mean    0.00 ±    0.00
   Loss:        pg_loss -0.0015  v_loss  0.7566  ent_loss -2.6365  loss  0.3504
   Others:      advantage -0.0000 ±  0.9999  value  0.7053 ±  0.5284
   Action 1 frac:    0.06
   Action prob:    0.07
[0:02:07 INFO]: Saved checkpoint to experiments/procgen_expert/last.ckpt
[0:02:07 INFO]: Evaluating on test split
[0:02:23 INFO]:    Steps:         23620
   Episode length: mean   92.27  min   18.00  max  256.00
   Reward:         mean 4.65 ± 0.61
   Base Reward:    mean 0.00 ± 0.00
   Action 1 fraction:    0.04

[0:02:23 INFO]: Saved checkpoint to experiments/procgen_expert/best_test.ckpt
[0:02:23 INFO]: BEST test so far
[0:02:23 INFO]:    Steps:         23620
   Episode length: mean   92.27  min   18.00  max  256.00
   Reward:         mean 4.65 ± 0.61
   Base Reward:    mean 0.00 ± 0.00
   Action 1 fraction:    0.04

[0:04:09 INFO]: Iteration 20
[0:04:09 INFO]: Train 655360 steps:
[0:04:10 INFO]: 
   Reward:      mean    4.82 ±    5.00
   Base Reward: mean    0.00 ±    0.00
   Loss:        pg_loss -0.0015  v_loss  1.1212  ent_loss -2.5150  loss  0.5340
   Others:      advantage -0.0000 ±  0.9999  value  1.3712 ±  1.3604
   Action 1 frac:    0.04
   Action prob:    0.09
[0:04:10 INFO]: Saved checkpoint to experiments/procgen_expert/last.ckpt
[0:04:10 INFO]: Evaluating on test split
[0:04:25 INFO]:    Steps:         17204
   Episode length: mean   67.20  min   15.00  max  256.00
   Reward:         mean 5.35 ± 0.61
   Base Reward:    mean 0.00 ± 0.00
   Action 1 fraction:    0.02

[0:04:25 INFO]: Saved checkpoint to experiments/procgen_expert/best_test.ckpt
[0:04:25 INFO]: BEST test so far
[0:04:25 INFO]:    Steps:         17204
   Episode length: mean   67.20  min   15.00  max  256.00
   Reward:         mean 5.35 ± 0.61
   Base Reward:    mean 0.00 ± 0.00
   Action 1 fraction:    0.02

[0:06:07 INFO]: Iteration 30
[0:06:07 INFO]: Train 983040 steps:
[0:06:07 INFO]: 
   Reward:      mean    4.98 ±    5.00
   Base Reward: mean    0.00 ±    0.00
   Loss:        pg_loss -0.0014  v_loss  1.2522  ent_loss -2.4481  loss  0.6002
   Others:      advantage -0.0000 ±  0.9999  value  1.8363 ±  1.8807
   Action 1 frac:    0.04
   Action prob:    0.11
[0:06:07 INFO]: Saved checkpoint to experiments/procgen_expert/last.ckpt
[0:06:07 INFO]: Evaluating on test split
[0:06:22 INFO]:    Steps:         17090
   Episode length: mean   66.76  min   16.00  max  256.00
   Reward:         mean 5.20 ± 0.61
   Base Reward:    mean 0.00 ± 0.00
   Action 1 fraction:    0.02

[0:06:22 INFO]: BEST test so far
[0:06:22 INFO]:    Steps:         17204
   Episode length: mean   67.20  min   15.00  max  256.00
   Reward:         mean 5.35 ± 0.61
   Base Reward:    mean 0.00 ± 0.00
   Action 1 fraction:    0.02

[0:08:06 INFO]: Iteration 40
[0:08:06 INFO]: Train 1310720 steps:
[0:08:06 INFO]: 
   Reward:      mean    5.10 ±    5.00
   Base Reward: mean    0.00 ±    0.00
   Loss:        pg_loss -0.0013  v_loss  1.3972  ent_loss -2.3858  loss  0.6734
   Others:      advantage -0.0000 ±  0.9999  value  2.2838 ±  2.2960
   Action 1 frac:    0.03
   Action prob:    0.12
[0:08:06 INFO]: Saved checkpoint to experiments/procgen_expert/last.ckpt
[0:08:06 INFO]: Evaluating on test split
[0:08:20 INFO]:    Steps:         14034
   Episode length: mean   54.82  min   15.00  max  256.00
   Reward:         mean 5.31 ± 0.61
   Base Reward:    mean 0.00 ± 0.00
   Action 1 fraction:    0.02

[0:08:20 INFO]: BEST test so far
[0:08:20 INFO]:    Steps:         17204
   Episode length: mean   67.20  min   15.00  max  256.00
   Reward:         mean 5.35 ± 0.61
   Base Reward:    mean 0.00 ± 0.00
   Action 1 fraction:    0.02

[0:10:00 INFO]: Iteration 50
[0:10:00 INFO]: Train 1638400 steps:
[0:10:01 INFO]: 
   Reward:      mean    5.21 ±    5.00
   Base Reward: mean    0.00 ±    0.00
   Loss:        pg_loss -0.0014  v_loss  1.4981  ent_loss -2.3529  loss  0.7241
   Others:      advantage -0.0000 ±  0.9999  value  2.6314 ±  2.5507
   Action 1 frac:    0.03
   Action prob:    0.13
[0:10:01 INFO]: Saved checkpoint to experiments/procgen_expert/last.ckpt
[0:10:01 INFO]: Evaluating on test split
[0:10:15 INFO]:    Steps:         14320
   Episode length: mean   55.94  min   16.00  max  256.00
   Reward:         mean 5.74 ± 0.61
   Base Reward:    mean 0.00 ± 0.00
   Action 1 fraction:    0.02

[0:10:15 INFO]: Saved checkpoint to experiments/procgen_expert/best_test.ckpt
[0:10:15 INFO]: BEST test so far
[0:10:15 INFO]:    Steps:         14320
   Episode length: mean   55.94  min   16.00  max  256.00
   Reward:         mean 5.74 ± 0.61
   Base Reward:    mean 0.00 ± 0.00
   Action 1 fraction:    0.02

[0:12:00 INFO]: Iteration 60
[0:12:00 INFO]: Train 1966080 steps:
[0:12:01 INFO]: 
   Reward:      mean    5.27 ±    4.99
   Base Reward: mean    0.00 ±    0.00
   Loss:        pg_loss -0.0014  v_loss  1.5442  ent_loss -2.3308  loss  0.7474
   Others:      advantage -0.0000 ±  0.9999  value  2.8500 ±  2.6672
   Action 1 frac:    0.03
   Action prob:    0.13
[0:12:01 INFO]: Saved checkpoint to experiments/procgen_expert/last.ckpt
[0:12:01 INFO]: Evaluating on test split
[0:12:13 INFO]:    Steps:         14301
   Episode length: mean   55.86  min   17.00  max  228.00
   Reward:         mean 5.94 ± 0.60
   Base Reward:    mean 0.00 ± 0.00
   Action 1 fraction:    0.01

[0:12:13 INFO]: Saved checkpoint to experiments/procgen_expert/best_test.ckpt
[0:12:13 INFO]: BEST test so far
[0:12:13 INFO]:    Steps:         14301
   Episode length: mean   55.86  min   17.00  max  228.00
   Reward:         mean 5.94 ± 0.60
   Base Reward:    mean 0.00 ± 0.00
   Action 1 fraction:    0.01

[0:13:59 INFO]: Iteration 70
[0:13:59 INFO]: Train 2293760 steps:
[0:14:01 INFO]: 
   Reward:      mean    5.34 ±    4.99
   Base Reward: mean    0.00 ±    0.00
   Loss:        pg_loss -0.0015  v_loss  1.5683  ent_loss -2.3140  loss  0.7595
   Others:      advantage -0.0000 ±  0.9999  value  3.0121 ±  2.7446
   Action 1 frac:    0.02
   Action prob:    0.14
[0:14:01 INFO]: Saved checkpoint to experiments/procgen_expert/last.ckpt
[0:14:01 INFO]: Evaluating on test split
[0:14:17 INFO]:    Steps:         17193
   Episode length: mean   67.16  min   17.00  max  256.00
   Reward:         mean 5.47 ± 0.61
   Base Reward:    mean 0.00 ± 0.00
   Action 1 fraction:    0.02

[0:14:17 INFO]: BEST test so far
[0:14:17 INFO]:    Steps:         14301
   Episode length: mean   55.86  min   17.00  max  228.00
   Reward:         mean 5.94 ± 0.60
   Base Reward:    mean 0.00 ± 0.00
   Action 1 fraction:    0.01

[0:16:11 INFO]: Iteration 80
[0:16:11 INFO]: Train 2621440 steps:
[0:16:12 INFO]: 
   Reward:      mean    5.40 ±    4.98
   Base Reward: mean    0.00 ±    0.00
   Loss:        pg_loss -0.0017  v_loss  1.5811  ent_loss -2.3055  loss  0.7658
   Others:      advantage -0.0000 ±  0.9999  value  3.0964 ±  2.7928
   Action 1 frac:    0.02
   Action prob:    0.14
[0:16:12 INFO]: Saved checkpoint to experiments/procgen_expert/last.ckpt
[0:16:12 INFO]: Evaluating on test split
[0:16:23 INFO]:    Steps:         14992
   Episode length: mean   58.56  min   16.00  max  172.00
   Reward:         mean 5.74 ± 0.61
   Base Reward:    mean 0.00 ± 0.00
   Action 1 fraction:    0.02

[0:16:23 INFO]: BEST test so far
[0:16:23 INFO]:    Steps:         14301
   Episode length: mean   55.86  min   17.00  max  228.00
   Reward:         mean 5.94 ± 0.60
   Base Reward:    mean 0.00 ± 0.00
   Action 1 fraction:    0.01

[0:18:15 INFO]: Iteration 90
[0:18:15 INFO]: Train 2949120 steps:
[0:18:17 INFO]: 
   Reward:      mean    5.46 ±    4.98
   Base Reward: mean    0.00 ±    0.00
   Loss:        pg_loss -0.0018  v_loss  1.5826  ent_loss -2.2997  loss  0.7665
   Others:      advantage -0.0000 ±  0.9999  value  3.1452 ±  2.8250
   Action 1 frac:    0.02
   Action prob:    0.14
[0:18:17 INFO]: Saved checkpoint to experiments/procgen_expert/last.ckpt
[0:18:17 INFO]: Evaluating on test split
[0:18:30 INFO]:    Steps:         14779
   Episode length: mean   57.73  min   17.00  max  210.00
   Reward:         mean 6.09 ± 0.60
   Base Reward:    mean 0.00 ± 0.00
   Action 1 fraction:    0.02

[0:18:30 INFO]: Saved checkpoint to experiments/procgen_expert/best_test.ckpt
[0:18:30 INFO]: BEST test so far
[0:18:30 INFO]:    Steps:         14779
   Episode length: mean   57.73  min   17.00  max  210.00
   Reward:         mean 6.09 ± 0.60
   Base Reward:    mean 0.00 ± 0.00
   Action 1 fraction:    0.02

[0:20:16 INFO]: Iteration 100
[0:20:16 INFO]: Train 3276800 steps:
[0:20:18 INFO]: 
   Reward:      mean    5.52 ±    4.97
   Base Reward: mean    0.00 ±    0.00
   Loss:        pg_loss -0.0019  v_loss  1.6064  ent_loss -2.2851  loss  0.7784
   Others:      advantage -0.0000 ±  0.9999  value  3.2679 ±  2.8808
   Action 1 frac:    0.02
   Action prob:    0.15
[0:20:18 INFO]: Saved checkpoint to experiments/procgen_expert/last.ckpt
[0:20:18 INFO]: Evaluating on test split
[0:20:30 INFO]:    Steps:         15429
   Episode length: mean   60.27  min   17.00  max  220.00
   Reward:         mean 6.05 ± 0.60
   Base Reward:    mean 0.00 ± 0.00
   Action 1 fraction:    0.02

[0:20:30 INFO]: BEST test so far
[0:20:30 INFO]:    Steps:         14779
   Episode length: mean   57.73  min   17.00  max  210.00
   Reward:         mean 6.09 ± 0.60
   Base Reward:    mean 0.00 ± 0.00
   Action 1 fraction:    0.02

[0:22:15 INFO]: Iteration 110
[0:22:15 INFO]: Train 3604480 steps:
[0:22:18 INFO]: 
   Reward:      mean    5.58 ±    4.97
   Base Reward: mean    0.00 ±    0.00
   Loss:        pg_loss -0.0021  v_loss  1.6221  ent_loss -2.2718  loss  0.7863
   Others:      advantage -0.0000 ±  0.9999  value  3.3810 ±  2.9137
   Action 1 frac:    0.02
   Action prob:    0.15
[0:22:18 INFO]: Saved checkpoint to experiments/procgen_expert/last.ckpt
[0:22:18 INFO]: Evaluating on test split
[0:22:29 INFO]:    Steps:         14018
   Episode length: mean   54.76  min   17.00  max  224.00
   Reward:         mean 6.45 ± 0.59
   Base Reward:    mean 0.00 ± 0.00
   Action 1 fraction:    0.02

[0:22:29 INFO]: Saved checkpoint to experiments/procgen_expert/best_test.ckpt
[0:22:29 INFO]: BEST test so far
[0:22:29 INFO]:    Steps:         14018
   Episode length: mean   54.76  min   17.00  max  224.00
   Reward:         mean 6.45 ± 0.59
   Base Reward:    mean 0.00 ± 0.00
   Action 1 fraction:    0.02

[0:24:13 INFO]: Iteration 120
[0:24:13 INFO]: Train 3932160 steps:
[0:24:15 INFO]: 
   Reward:      mean    5.62 ±    4.96
   Base Reward: mean    0.00 ±    0.00
   Loss:        pg_loss -0.0022  v_loss  1.6323  ent_loss -2.2613  loss  0.7914
   Others:      advantage -0.0000 ±  0.9999  value  3.4893 ±  2.9469
   Action 1 frac:    0.02
   Action prob:    0.16
[0:24:15 INFO]: Saved checkpoint to experiments/procgen_expert/last.ckpt
[0:24:15 INFO]: Evaluating on test split
[0:24:28 INFO]:    Steps:         15302
   Episode length: mean   59.77  min   16.00  max  256.00
   Reward:         mean 5.66 ± 0.61
   Base Reward:    mean 0.00 ± 0.00
   Action 1 fraction:    0.02

[0:24:28 INFO]: BEST test so far
[0:24:28 INFO]:    Steps:         14018
   Episode length: mean   54.76  min   17.00  max  224.00
   Reward:         mean 6.45 ± 0.59
   Base Reward:    mean 0.00 ± 0.00
   Action 1 fraction:    0.02

[0:26:11 INFO]: Iteration 130
[0:26:11 INFO]: Train 4259840 steps:
[0:26:14 INFO]: 
   Reward:      mean    5.68 ±    4.95
   Base Reward: mean    0.00 ±    0.00
   Loss:        pg_loss -0.0023  v_loss  1.6353  ent_loss -2.2526  loss  0.7928
   Others:      advantage -0.0000 ±  0.9999  value  3.5853 ±  2.9677
   Action 1 frac:    0.02
   Action prob:    0.16
[0:26:14 INFO]: Saved checkpoint to experiments/procgen_expert/last.ckpt
[0:26:14 INFO]: Evaluating on test split
[0:26:29 INFO]:    Steps:         17952
   Episode length: mean   70.12  min   15.00  max  256.00
   Reward:         mean 6.09 ± 0.60
   Base Reward:    mean 0.00 ± 0.00
   Action 1 fraction:    0.03

[0:26:29 INFO]: BEST test so far
[0:26:29 INFO]:    Steps:         14018
   Episode length: mean   54.76  min   17.00  max  224.00
   Reward:         mean 6.45 ± 0.59
   Base Reward:    mean 0.00 ± 0.00
   Action 1 fraction:    0.02

[0:28:11 INFO]: Iteration 140
[0:28:11 INFO]: Train 4587520 steps:
[0:28:14 INFO]: 
   Reward:      mean    5.72 ±    4.95
   Base Reward: mean    0.00 ±    0.00
   Loss:        pg_loss -0.0024  v_loss  1.6307  ent_loss -2.2482  loss  0.7904
   Others:      advantage -0.0000 ±  0.9999  value  3.6494 ±  2.9735
   Action 1 frac:    0.02
   Action prob:    0.16
[0:28:14 INFO]: Saved checkpoint to experiments/procgen_expert/last.ckpt
[0:28:14 INFO]: Evaluating on test split
[0:28:28 INFO]:    Steps:         17022
   Episode length: mean   66.49  min   19.00  max  256.00
   Reward:         mean 6.09 ± 0.60
   Base Reward:    mean 0.00 ± 0.00
   Action 1 fraction:    0.03

[0:28:28 INFO]: BEST test so far
[0:28:28 INFO]:    Steps:         14018
   Episode length: mean   54.76  min   17.00  max  224.00
   Reward:         mean 6.45 ± 0.59
   Base Reward:    mean 0.00 ± 0.00
   Action 1 fraction:    0.02

[0:30:12 INFO]: Iteration 150
[0:30:12 INFO]: Train 4915200 steps:
[0:30:15 INFO]: 
   Reward:      mean    5.76 ±    4.94
   Base Reward: mean    0.00 ±    0.00
   Loss:        pg_loss -0.0026  v_loss  1.6295  ent_loss -2.2432  loss  0.7897
   Others:      advantage -0.0000 ±  0.9999  value  3.7122 ±  2.9811
   Action 1 frac:    0.02
   Action prob:    0.16
[0:30:15 INFO]: Saved checkpoint to experiments/procgen_expert/last.ckpt
[0:30:15 INFO]: Evaluating on test split
[0:30:28 INFO]:    Steps:         14718
   Episode length: mean   57.49  min   18.00  max  256.00
   Reward:         mean 6.88 ± 0.57
   Base Reward:    mean 0.00 ± 0.00
   Action 1 fraction:    0.03

[0:30:28 INFO]: Saved checkpoint to experiments/procgen_expert/best_test.ckpt
[0:30:28 INFO]: BEST test so far
[0:30:28 INFO]:    Steps:         14718
   Episode length: mean   57.49  min   18.00  max  256.00
   Reward:         mean 6.88 ± 0.57
   Base Reward:    mean 0.00 ± 0.00
   Action 1 fraction:    0.03

[0:32:13 INFO]: Iteration 160
[0:32:13 INFO]: Train 5242880 steps:
[0:32:16 INFO]: 
   Reward:      mean    5.80 ±    4.94
   Base Reward: mean    0.00 ±    0.00
   Loss:        pg_loss -0.0027  v_loss  1.6281  ent_loss -2.2370  loss  0.7890
   Others:      advantage -0.0000 ±  0.9999  value  3.7733 ±  2.9886
   Action 1 frac:    0.02
   Action prob:    0.16
[0:32:16 INFO]: Saved checkpoint to experiments/procgen_expert/last.ckpt
[0:32:16 INFO]: Evaluating on test split
[0:32:28 INFO]:    Steps:         15737
   Episode length: mean   61.47  min   16.00  max  256.00
   Reward:         mean 7.03 ± 0.56
   Base Reward:    mean 0.00 ± 0.00
   Action 1 fraction:    0.02

[0:32:28 INFO]: Saved checkpoint to experiments/procgen_expert/best_test.ckpt
[0:32:28 INFO]: BEST test so far
[0:32:28 INFO]:    Steps:         15737
   Episode length: mean   61.47  min   16.00  max  256.00
   Reward:         mean 7.03 ± 0.56
   Base Reward:    mean 0.00 ± 0.00
   Action 1 fraction:    0.02

[0:34:15 INFO]: Iteration 170
[0:34:15 INFO]: Train 5570560 steps:
[0:34:19 INFO]: 
   Reward:      mean    5.85 ±    4.93
   Base Reward: mean    0.00 ±    0.00
   Loss:        pg_loss -0.0028  v_loss  1.6296  ent_loss -2.2274  loss  0.7898
   Others:      advantage -0.0000 ±  0.9999  value  3.8413 ±  2.9957
   Action 1 frac:    0.02
   Action prob:    0.17
[0:34:19 INFO]: Saved checkpoint to experiments/procgen_expert/last.ckpt
[0:34:19 INFO]: Evaluating on test split
[0:34:33 INFO]:    Steps:         16235
   Episode length: mean   63.42  min   17.00  max  237.00
   Reward:         mean 7.34 ± 0.54
   Base Reward:    mean 0.00 ± 0.00
   Action 1 fraction:    0.01

[0:34:33 INFO]: Saved checkpoint to experiments/procgen_expert/best_test.ckpt
[0:34:33 INFO]: BEST test so far
[0:34:33 INFO]:    Steps:         16235
   Episode length: mean   63.42  min   17.00  max  237.00
   Reward:         mean 7.34 ± 0.54
   Base Reward:    mean 0.00 ± 0.00
   Action 1 fraction:    0.01

[0:36:27 INFO]: Iteration 180
[0:36:27 INFO]: Train 5898240 steps:
[0:36:31 INFO]: 
   Reward:      mean    5.90 ±    4.92
   Base Reward: mean    0.00 ±    0.00
   Loss:        pg_loss -0.0029  v_loss  1.6301  ent_loss -2.2177  loss  0.7900
   Others:      advantage -0.0000 ±  0.9999  value  3.8988 ±  2.9958
   Action 1 frac:    0.02
   Action prob:    0.17
[0:36:31 INFO]: Saved checkpoint to experiments/procgen_expert/last.ckpt
[0:36:31 INFO]: Evaluating on test split
[0:36:41 INFO]:    Steps:         14343
   Episode length: mean   56.03  min   19.00  max  232.00
   Reward:         mean 7.27 ± 0.55
   Base Reward:    mean 0.00 ± 0.00
   Action 1 fraction:    0.02

[0:36:41 INFO]: BEST test so far
[0:36:41 INFO]:    Steps:         16235
   Episode length: mean   63.42  min   17.00  max  237.00
   Reward:         mean 7.34 ± 0.54
   Base Reward:    mean 0.00 ± 0.00
   Action 1 fraction:    0.01

[0:38:28 INFO]: Iteration 190
[0:38:28 INFO]: Train 6225920 steps:
[0:38:32 INFO]: 
   Reward:      mean    5.96 ±    4.91
   Base Reward: mean    0.00 ±    0.00
   Loss:        pg_loss -0.0030  v_loss  1.6326  ent_loss -2.2084  loss  0.7912
   Others:      advantage -0.0000 ±  0.9999  value  3.9492 ±  2.9984
   Action 1 frac:    0.02
   Action prob:    0.17
[0:38:32 INFO]: Saved checkpoint to experiments/procgen_expert/last.ckpt
[0:38:32 INFO]: Evaluating on test split
[0:38:44 INFO]:    Steps:         16303
   Episode length: mean   63.68  min   15.00  max  256.00
   Reward:         mean 6.99 ± 0.56
   Base Reward:    mean 0.00 ± 0.00
   Action 1 fraction:    0.02

[0:38:44 INFO]: BEST test so far
[0:38:44 INFO]:    Steps:         16235
   Episode length: mean   63.42  min   17.00  max  237.00
   Reward:         mean 7.34 ± 0.54
   Base Reward:    mean 0.00 ± 0.00
   Action 1 fraction:    0.01

[0:40:27 INFO]: Iteration 200
[0:40:27 INFO]: Train 6553600 steps:
[0:40:31 INFO]: 
   Reward:      mean    6.01 ±    4.90
   Base Reward: mean    0.00 ±    0.00
   Loss:        pg_loss -0.0031  v_loss  1.6327  ent_loss -2.2017  loss  0.7912
   Others:      advantage -0.0000 ±  0.9999  value  3.9984 ±  2.9947
   Action 1 frac:    0.02
   Action prob:    0.17
[0:40:31 INFO]: Saved checkpoint to experiments/procgen_expert/last.ckpt
[0:40:31 INFO]: Evaluating on test split
[0:40:45 INFO]:    Steps:         17684
   Episode length: mean   69.08  min   16.00  max  256.00
   Reward:         mean 6.88 ± 0.57
   Base Reward:    mean 0.00 ± 0.00
   Action 1 fraction:    0.03

[0:40:45 INFO]: BEST test so far
[0:40:45 INFO]:    Steps:         16235
   Episode length: mean   63.42  min   17.00  max  237.00
   Reward:         mean 7.34 ± 0.54
   Base Reward:    mean 0.00 ± 0.00
   Action 1 fraction:    0.01

[0:42:31 INFO]: Iteration 210
[0:42:31 INFO]: Train 6881280 steps:
[0:42:36 INFO]: 
   Reward:      mean    6.04 ±    4.89
   Base Reward: mean    0.00 ±    0.00
   Loss:        pg_loss -0.0032  v_loss  1.6319  ent_loss -2.1958  loss  0.7908
   Others:      advantage -0.0000 ±  0.9999  value  4.0423 ±  2.9917
   Action 1 frac:    0.02
   Action prob:    0.17
[0:42:36 INFO]: Saved checkpoint to experiments/procgen_expert/last.ckpt
[0:42:36 INFO]: Evaluating on test split
[0:42:50 INFO]:    Steps:         17064
   Episode length: mean   66.66  min   17.00  max  256.00
   Reward:         mean 6.72 ± 0.58
   Base Reward:    mean 0.00 ± 0.00
   Action 1 fraction:    0.03

[0:42:50 INFO]: BEST test so far
[0:42:50 INFO]:    Steps:         16235
   Episode length: mean   63.42  min   17.00  max  237.00
   Reward:         mean 7.34 ± 0.54
   Base Reward:    mean 0.00 ± 0.00
   Action 1 fraction:    0.01

[0:44:37 INFO]: Iteration 220
[0:44:37 INFO]: Train 7208960 steps:
[0:44:42 INFO]: 
   Reward:      mean    6.09 ±    4.88
   Base Reward: mean    0.00 ±    0.00
   Loss:        pg_loss -0.0033  v_loss  1.6315  ent_loss -2.1899  loss  0.7906
   Others:      advantage -0.0000 ±  0.9999  value  4.0884 ±  2.9907
   Action 1 frac:    0.03
   Action prob:    0.18
[0:44:42 INFO]: Saved checkpoint to experiments/procgen_expert/last.ckpt
[0:44:42 INFO]: Evaluating on test split
[0:44:55 INFO]:    Steps:         14808
   Episode length: mean   57.84  min   17.00  max  256.00
   Reward:         mean 7.46 ± 0.53
   Base Reward:    mean 0.00 ± 0.00
   Action 1 fraction:    0.03

[0:44:55 INFO]: Saved checkpoint to experiments/procgen_expert/best_test.ckpt
[0:44:55 INFO]: BEST test so far
[0:44:55 INFO]:    Steps:         14808
   Episode length: mean   57.84  min   17.00  max  256.00
   Reward:         mean 7.46 ± 0.53
   Base Reward:    mean 0.00 ± 0.00
   Action 1 fraction:    0.03

[0:46:40 INFO]: Iteration 230
[0:46:40 INFO]: Train 7536640 steps:
[0:46:45 INFO]: 
   Reward:      mean    6.13 ±    4.87
   Base Reward: mean    0.00 ±    0.00
   Loss:        pg_loss -0.0034  v_loss  1.6373  ent_loss -2.1825  loss  0.7935
   Others:      advantage -0.0000 ±  0.9999  value  4.1483 ±  2.9947
   Action 1 frac:    0.03
   Action prob:    0.18
[0:46:45 INFO]: Saved checkpoint to experiments/procgen_expert/last.ckpt
[0:46:45 INFO]: Evaluating on test split
[0:46:57 INFO]:    Steps:         15942
   Episode length: mean   62.27  min   17.00  max  211.00
   Reward:         mean 7.54 ± 0.53
   Base Reward:    mean 0.00 ± 0.00
   Action 1 fraction:    0.03

[0:46:57 INFO]: Saved checkpoint to experiments/procgen_expert/best_test.ckpt
[0:46:57 INFO]: BEST test so far
[0:46:57 INFO]:    Steps:         15942
   Episode length: mean   62.27  min   17.00  max  211.00
   Reward:         mean 7.54 ± 0.53
   Base Reward:    mean 0.00 ± 0.00
   Action 1 fraction:    0.03

[0:48:41 INFO]: Iteration 240
[0:48:41 INFO]: Train 7864320 steps:
[0:48:46 INFO]: 
   Reward:      mean    6.17 ±    4.86
   Base Reward: mean    0.00 ±    0.00
   Loss:        pg_loss -0.0034  v_loss  1.6420  ent_loss -2.1746  loss  0.7958
   Others:      advantage -0.0000 ±  0.9999  value  4.2136 ±  2.9981
   Action 1 frac:    0.03
   Action prob:    0.18
[0:48:46 INFO]: Saved checkpoint to experiments/procgen_expert/last.ckpt
[0:48:46 INFO]: Evaluating on test split
[0:48:58 INFO]:    Steps:         15378
   Episode length: mean   60.07  min   15.00  max  221.00
   Reward:         mean 6.99 ± 0.56
   Base Reward:    mean 0.00 ± 0.00
   Action 1 fraction:    0.03

[0:48:58 INFO]: BEST test so far
[0:48:58 INFO]:    Steps:         15942
   Episode length: mean   62.27  min   17.00  max  211.00
   Reward:         mean 7.54 ± 0.53
   Base Reward:    mean 0.00 ± 0.00
   Action 1 fraction:    0.03

[0:50:40 INFO]: Iteration 250
[0:50:40 INFO]: Train 8192000 steps:
[0:50:45 INFO]: 
   Reward:      mean    6.21 ±    4.85
   Base Reward: mean    0.00 ±    0.00
   Loss:        pg_loss -0.0035  v_loss  1.6441  ent_loss -2.1665  loss  0.7968
   Others:      advantage -0.0000 ±  0.9999  value  4.2728 ±  2.9984
   Action 1 frac:    0.03
   Action prob:    0.18
[0:50:45 INFO]: Saved checkpoint to experiments/procgen_expert/last.ckpt
[0:50:45 INFO]: Evaluating on test split
[0:50:58 INFO]:    Steps:         17080
   Episode length: mean   66.72  min   19.00  max  209.00
   Reward:         mean 7.15 ± 0.55
   Base Reward:    mean 0.00 ± 0.00
   Action 1 fraction:    0.03

[0:50:58 INFO]: BEST test so far
[0:50:58 INFO]:    Steps:         15942
   Episode length: mean   62.27  min   17.00  max  211.00
   Reward:         mean 7.54 ± 0.53
   Base Reward:    mean 0.00 ± 0.00
   Action 1 fraction:    0.03

[0:52:42 INFO]: Iteration 260
[0:52:42 INFO]: Train 8519680 steps:
[0:52:47 INFO]: 
   Reward:      mean    6.24 ±    4.84
   Base Reward: mean    0.00 ±    0.00
   Loss:        pg_loss -0.0036  v_loss  1.6416  ent_loss -2.1596  loss  0.7956
   Others:      advantage -0.0000 ±  0.9999  value  4.3122 ±  2.9920
   Action 1 frac:    0.03
   Action prob:    0.18
[0:52:47 INFO]: Saved checkpoint to experiments/procgen_expert/last.ckpt
[0:52:47 INFO]: Evaluating on test split
[0:53:00 INFO]:    Steps:         16459
   Episode length: mean   64.29  min   15.00  max  224.00
   Reward:         mean 6.84 ± 0.57
   Base Reward:    mean 0.00 ± 0.00
   Action 1 fraction:    0.03

[0:53:00 INFO]: BEST test so far
[0:53:00 INFO]:    Steps:         15942
   Episode length: mean   62.27  min   17.00  max  211.00
   Reward:         mean 7.54 ± 0.53
   Base Reward:    mean 0.00 ± 0.00
   Action 1 fraction:    0.03

[0:54:48 INFO]: Iteration 270
[0:54:48 INFO]: Train 8847360 steps:
[0:54:54 INFO]: 
   Reward:      mean    6.27 ±    4.84
   Base Reward: mean    0.00 ±    0.00
   Loss:        pg_loss -0.0037  v_loss  1.6413  ent_loss -2.1527  loss  0.7954
   Others:      advantage -0.0000 ±  0.9999  value  4.3574 ±  2.9873
   Action 1 frac:    0.03
   Action prob:    0.19
[0:54:54 INFO]: Saved checkpoint to experiments/procgen_expert/last.ckpt
[0:54:54 INFO]: Evaluating on test split
[0:55:08 INFO]:    Steps:         17201
   Episode length: mean   67.19  min   17.00  max  256.00
   Reward:         mean 6.88 ± 0.57
   Base Reward:    mean 0.00 ± 0.00
   Action 1 fraction:    0.02

[0:55:08 INFO]: BEST test so far
[0:55:08 INFO]:    Steps:         15942
   Episode length: mean   62.27  min   17.00  max  211.00
   Reward:         mean 7.54 ± 0.53
   Base Reward:    mean 0.00 ± 0.00
   Action 1 fraction:    0.03

[0:57:03 INFO]: Iteration 280
[0:57:03 INFO]: Train 9175040 steps:
[0:57:09 INFO]: 
   Reward:      mean    6.31 ±    4.83
   Base Reward: mean    0.00 ±    0.00
   Loss:        pg_loss -0.0038  v_loss  1.6402  ent_loss -2.1472  loss  0.7949
   Others:      advantage -0.0000 ±  0.9999  value  4.4048 ±  2.9823
   Action 1 frac:    0.03
   Action prob:    0.19
[0:57:09 INFO]: Saved checkpoint to experiments/procgen_expert/last.ckpt
[0:57:09 INFO]: Evaluating on test split
[0:57:25 INFO]:    Steps:         18045
   Episode length: mean   70.49  min   12.00  max  256.00
   Reward:         mean 6.95 ± 0.56
   Base Reward:    mean 0.00 ± 0.00
   Action 1 fraction:    0.01

[0:57:25 INFO]: BEST test so far
[0:57:25 INFO]:    Steps:         15942
   Episode length: mean   62.27  min   17.00  max  211.00
   Reward:         mean 7.54 ± 0.53
   Base Reward:    mean 0.00 ± 0.00
   Action 1 fraction:    0.03

[0:59:15 INFO]: Iteration 290
[0:59:15 INFO]: Train 9502720 steps:
[0:59:21 INFO]: 
   Reward:      mean    6.35 ±    4.81
   Base Reward: mean    0.00 ±    0.00
   Loss:        pg_loss -0.0038  v_loss  1.6408  ent_loss -2.1407  loss  0.7951
   Others:      advantage -0.0000 ±  0.9999  value  4.4624 ±  2.9790
   Action 1 frac:    0.03
   Action prob:    0.19
[0:59:21 INFO]: Saved checkpoint to experiments/procgen_expert/last.ckpt
[0:59:21 INFO]: Evaluating on test split
[0:59:36 INFO]:    Steps:         17727
   Episode length: mean   69.25  min   19.00  max  256.00
   Reward:         mean 7.34 ± 0.54
   Base Reward:    mean 0.00 ± 0.00
   Action 1 fraction:    0.01

[0:59:36 INFO]: BEST test so far
[0:59:36 INFO]:    Steps:         15942
   Episode length: mean   62.27  min   17.00  max  211.00
   Reward:         mean 7.54 ± 0.53
   Base Reward:    mean 0.00 ± 0.00
   Action 1 fraction:    0.03

[1:01:24 INFO]: Iteration 300
[1:01:24 INFO]: Train 9830400 steps:
[1:01:30 INFO]: 
   Reward:      mean    6.38 ±    4.81
   Base Reward: mean    0.00 ±    0.00
   Loss:        pg_loss -0.0039  v_loss  1.6369  ent_loss -2.1361  loss  0.7931
   Others:      advantage -0.0000 ±  0.9999  value  4.4999 ±  2.9697
   Action 1 frac:    0.03
   Action prob:    0.19
[1:01:30 INFO]: Saved checkpoint to experiments/procgen_expert/last.ckpt
[1:01:30 INFO]: Evaluating on test split
[1:01:44 INFO]:    Steps:         17885
   Episode length: mean   69.86  min   18.00  max  256.00
   Reward:         mean 7.30 ± 0.54
   Base Reward:    mean 0.00 ± 0.00
   Action 1 fraction:    0.01

[1:01:44 INFO]: BEST test so far
[1:01:44 INFO]:    Steps:         15942
   Episode length: mean   62.27  min   17.00  max  211.00
   Reward:         mean 7.54 ± 0.53
   Base Reward:    mean 0.00 ± 0.00
   Action 1 fraction:    0.03

[1:03:28 INFO]: Iteration 310
[1:03:28 INFO]: Train 10158080 steps:
[1:03:35 INFO]: 
   Reward:      mean    6.42 ±    4.79
   Base Reward: mean    0.00 ±    0.00
   Loss:        pg_loss -0.0040  v_loss  1.6329  ent_loss -2.1309  loss  0.7911
   Others:      advantage -0.0000 ±  0.9999  value  4.5339 ±  2.9637
   Action 1 frac:    0.02
   Action prob:    0.19
[1:03:35 INFO]: Saved checkpoint to experiments/procgen_expert/last.ckpt
[1:03:35 INFO]: Evaluating on test split
[1:03:50 INFO]:    Steps:         20652
   Episode length: mean   80.67  min   18.00  max  256.00
   Reward:         mean 7.42 ± 0.54
   Base Reward:    mean 0.00 ± 0.00
   Action 1 fraction:    0.01

[1:03:50 INFO]: BEST test so far
[1:03:50 INFO]:    Steps:         15942
   Episode length: mean   62.27  min   17.00  max  211.00
   Reward:         mean 7.54 ± 0.53
   Base Reward:    mean 0.00 ± 0.00
   Action 1 fraction:    0.03

[1:05:35 INFO]: Iteration 320
[1:05:35 INFO]: Train 10485760 steps:
[1:05:42 INFO]: 
   Reward:      mean    6.45 ±    4.78
   Base Reward: mean    0.00 ±    0.00
   Loss:        pg_loss -0.0041  v_loss  1.6311  ent_loss -2.1259  loss  0.7902
   Others:      advantage -0.0000 ±  0.9999  value  4.5678 ±  2.9569
   Action 1 frac:    0.02
   Action prob:    0.19
[1:05:42 INFO]: Saved checkpoint to experiments/procgen_expert/last.ckpt
[1:05:42 INFO]: Evaluating on test split
[1:05:57 INFO]:    Steps:         17853
   Episode length: mean   69.74  min   17.00  max  256.00
   Reward:         mean 7.30 ± 0.54
   Base Reward:    mean 0.00 ± 0.00
   Action 1 fraction:    0.02

[1:05:57 INFO]: BEST test so far
[1:05:57 INFO]:    Steps:         15942
   Episode length: mean   62.27  min   17.00  max  211.00
   Reward:         mean 7.54 ± 0.53
   Base Reward:    mean 0.00 ± 0.00
   Action 1 fraction:    0.03

[1:07:41 INFO]: Iteration 330
[1:07:41 INFO]: Train 10813440 steps:
[1:07:47 INFO]: 
   Reward:      mean    6.48 ±    4.78
   Base Reward: mean    0.00 ±    0.00
   Loss:        pg_loss -0.0042  v_loss  1.6327  ent_loss -2.1210  loss  0.7910
   Others:      advantage -0.0000 ±  0.9999  value  4.6080 ±  2.9534
   Action 1 frac:    0.02
   Action prob:    0.19
[1:07:47 INFO]: Saved checkpoint to experiments/procgen_expert/last.ckpt
[1:07:47 INFO]: Evaluating on test split
[1:08:00 INFO]:    Steps:         15884
   Episode length: mean   62.05  min   16.00  max  245.00
   Reward:         mean 7.62 ± 0.52
   Base Reward:    mean 0.00 ± 0.00
   Action 1 fraction:    0.02

[1:08:00 INFO]: Saved checkpoint to experiments/procgen_expert/best_test.ckpt
[1:08:00 INFO]: BEST test so far
[1:08:00 INFO]:    Steps:         15884
   Episode length: mean   62.05  min   16.00  max  245.00
   Reward:         mean 7.62 ± 0.52
   Base Reward:    mean 0.00 ± 0.00
   Action 1 fraction:    0.02

[1:09:43 INFO]: Iteration 340
[1:09:43 INFO]: Train 11141120 steps:
[1:09:50 INFO]: 
   Reward:      mean    6.51 ±    4.77
   Base Reward: mean    0.00 ±    0.00
   Loss:        pg_loss -0.0042  v_loss  1.6351  ent_loss -2.1159  loss  0.7922
   Others:      advantage -0.0000 ±  0.9999  value  4.6540 ±  2.9500
   Action 1 frac:    0.02
   Action prob:    0.20
[1:09:50 INFO]: Saved checkpoint to experiments/procgen_expert/last.ckpt
[1:09:50 INFO]: Evaluating on test split
[1:10:05 INFO]:    Steps:         17086
   Episode length: mean   66.74  min   19.00  max  256.00
   Reward:         mean 7.38 ± 0.54
   Base Reward:    mean 0.00 ± 0.00
   Action 1 fraction:    0.02

[1:10:05 INFO]: BEST test so far
[1:10:05 INFO]:    Steps:         15884
   Episode length: mean   62.05  min   16.00  max  245.00
   Reward:         mean 7.62 ± 0.52
   Base Reward:    mean 0.00 ± 0.00
   Action 1 fraction:    0.02

[1:11:50 INFO]: Iteration 350
[1:11:50 INFO]: Train 11468800 steps:
[1:11:57 INFO]: 
   Reward:      mean    6.54 ±    4.76
   Base Reward: mean    0.00 ±    0.00
   Loss:        pg_loss -0.0043  v_loss  1.6338  ent_loss -2.1118  loss  0.7915
   Others:      advantage -0.0000 ±  0.9999  value  4.6928 ±  2.9433
   Action 1 frac:    0.02
   Action prob:    0.20
[1:11:57 INFO]: Saved checkpoint to experiments/procgen_expert/last.ckpt
[1:11:57 INFO]: Evaluating on test split
[1:12:13 INFO]:    Steps:         19761
   Episode length: mean   77.19  min   16.00  max  256.00
   Reward:         mean 7.58 ± 0.52
   Base Reward:    mean 0.00 ± 0.00
   Action 1 fraction:    0.02

[1:12:13 INFO]: BEST test so far
[1:12:13 INFO]:    Steps:         15884
   Episode length: mean   62.05  min   16.00  max  245.00
   Reward:         mean 7.62 ± 0.52
   Base Reward:    mean 0.00 ± 0.00
   Action 1 fraction:    0.02

[1:14:00 INFO]: Iteration 360
[1:14:00 INFO]: Train 11796480 steps:
[1:14:07 INFO]: 
   Reward:      mean    6.57 ±    4.75
   Base Reward: mean    0.00 ±    0.00
   Loss:        pg_loss -0.0044  v_loss  1.6310  ent_loss -2.1084  loss  0.7901
   Others:      advantage -0.0000 ±  0.9999  value  4.7283 ±  2.9371
   Action 1 frac:    0.02
   Action prob:    0.20
[1:14:07 INFO]: Saved checkpoint to experiments/procgen_expert/last.ckpt
[1:14:07 INFO]: Evaluating on test split
[1:14:24 INFO]:    Steps:         19351
   Episode length: mean   75.59  min   17.00  max  256.00
   Reward:         mean 7.50 ± 0.53
   Base Reward:    mean 0.00 ± 0.00
   Action 1 fraction:    0.03

[1:14:24 INFO]: BEST test so far
[1:14:24 INFO]:    Steps:         15884
   Episode length: mean   62.05  min   16.00  max  245.00
   Reward:         mean 7.62 ± 0.52
   Base Reward:    mean 0.00 ± 0.00
   Action 1 fraction:    0.02

[1:16:19 INFO]: Iteration 370
[1:16:19 INFO]: Train 12124160 steps:
[1:16:27 INFO]: 
   Reward:      mean    6.60 ±    4.74
   Base Reward: mean    0.00 ±    0.00
   Loss:        pg_loss -0.0045  v_loss  1.6278  ent_loss -2.1044  loss  0.7884
   Others:      advantage -0.0000 ±  0.9999  value  4.7576 ±  2.9290
   Action 1 frac:    0.02
   Action prob:    0.20
[1:16:27 INFO]: Saved checkpoint to experiments/procgen_expert/last.ckpt
[1:16:27 INFO]: Evaluating on test split
[1:16:43 INFO]:    Steps:         18703
   Episode length: mean   73.06  min   17.00  max  256.00
   Reward:         mean 7.27 ± 0.55
   Base Reward:    mean 0.00 ± 0.00
   Action 1 fraction:    0.03

[1:16:43 INFO]: BEST test so far
[1:16:43 INFO]:    Steps:         15884
   Episode length: mean   62.05  min   16.00  max  245.00
   Reward:         mean 7.62 ± 0.52
   Base Reward:    mean 0.00 ± 0.00
   Action 1 fraction:    0.02

[1:18:33 INFO]: Iteration 380
[1:18:33 INFO]: Train 12451840 steps:
[1:18:41 INFO]: 
   Reward:      mean    6.62 ±    4.73
   Base Reward: mean    0.00 ±    0.00
   Loss:        pg_loss -0.0045  v_loss  1.6260  ent_loss -2.1004  loss  0.7875
   Others:      advantage -0.0000 ±  0.9999  value  4.7849 ±  2.9223
   Action 1 frac:    0.02
   Action prob:    0.20
[1:18:41 INFO]: Saved checkpoint to experiments/procgen_expert/last.ckpt
[1:18:41 INFO]: Evaluating on test split
[1:18:58 INFO]:    Steps:         18742
   Episode length: mean   73.21  min   16.00  max  256.00
   Reward:         mean 7.81 ± 0.51
   Base Reward:    mean 0.00 ± 0.00
   Action 1 fraction:    0.03

[1:18:58 INFO]: Saved checkpoint to experiments/procgen_expert/best_test.ckpt
[1:18:58 INFO]: BEST test so far
[1:18:58 INFO]:    Steps:         18742
   Episode length: mean   73.21  min   16.00  max  256.00
   Reward:         mean 7.81 ± 0.51
   Base Reward:    mean 0.00 ± 0.00
   Action 1 fraction:    0.03

[1:20:45 INFO]: Iteration 390
[1:20:45 INFO]: Train 12779520 steps:
[1:20:53 INFO]: 
   Reward:      mean    6.64 ±    4.72
   Base Reward: mean    0.00 ±    0.00
   Loss:        pg_loss -0.0046  v_loss  1.6229  ent_loss -2.0967  loss  0.7858
   Others:      advantage -0.0000 ±  0.9999  value  4.8064 ±  2.9154
   Action 1 frac:    0.02
   Action prob:    0.20
[1:20:53 INFO]: Saved checkpoint to experiments/procgen_expert/last.ckpt
[1:20:53 INFO]: Evaluating on test split
[1:21:07 INFO]:    Steps:         20645
   Episode length: mean   80.64  min   16.00  max  256.00
   Reward:         mean 7.42 ± 0.54
   Base Reward:    mean 0.00 ± 0.00
   Action 1 fraction:    0.02

[1:21:07 INFO]: BEST test so far
[1:21:07 INFO]:    Steps:         18742
   Episode length: mean   73.21  min   16.00  max  256.00
   Reward:         mean 7.81 ± 0.51
   Base Reward:    mean 0.00 ± 0.00
   Action 1 fraction:    0.03

[1:22:51 INFO]: Iteration 400
[1:22:51 INFO]: Train 13107200 steps:
[1:22:59 INFO]: 
   Reward:      mean    6.66 ±    4.72
   Base Reward: mean    0.00 ±    0.00
   Loss:        pg_loss -0.0047  v_loss  1.6202  ent_loss -2.0938  loss  0.7844
   Others:      advantage -0.0000 ±  0.9999  value  4.8253 ±  2.9092
   Action 1 frac:    0.02
   Action prob:    0.20
[1:22:59 INFO]: Saved checkpoint to experiments/procgen_expert/last.ckpt
[1:22:59 INFO]: Evaluating on test split
[1:23:11 INFO]:    Steps:         17998
   Episode length: mean   70.30  min   16.00  max  224.00
   Reward:         mean 7.58 ± 0.52
   Base Reward:    mean 0.00 ± 0.00
   Action 1 fraction:    0.02

[1:23:11 INFO]: BEST test so far
[1:23:11 INFO]:    Steps:         18742
   Episode length: mean   73.21  min   16.00  max  256.00
   Reward:         mean 7.81 ± 0.51
   Base Reward:    mean 0.00 ± 0.00
   Action 1 fraction:    0.03

[1:24:54 INFO]: Iteration 410
[1:24:54 INFO]: Train 13434880 steps:
[1:25:03 INFO]: 
   Reward:      mean    6.68 ±    4.71
   Base Reward: mean    0.00 ±    0.00
   Loss:        pg_loss -0.0048  v_loss  1.6197  ent_loss -2.0897  loss  0.7841
   Others:      advantage -0.0000 ±  0.9999  value  4.8513 ±  2.9035
   Action 1 frac:    0.02
   Action prob:    0.20
[1:25:03 INFO]: Saved checkpoint to experiments/procgen_expert/last.ckpt
[1:25:03 INFO]: Evaluating on test split
[1:25:18 INFO]:    Steps:         17626
   Episode length: mean   68.85  min   17.00  max  256.00
   Reward:         mean 7.30 ± 0.54
   Base Reward:    mean 0.00 ± 0.00
   Action 1 fraction:    0.03

[1:25:18 INFO]: BEST test so far
[1:25:18 INFO]:    Steps:         18742
   Episode length: mean   73.21  min   16.00  max  256.00
   Reward:         mean 7.81 ± 0.51
   Base Reward:    mean 0.00 ± 0.00
   Action 1 fraction:    0.03

[1:26:59 INFO]: Iteration 420
[1:26:59 INFO]: Train 13762560 steps:
[1:27:08 INFO]: 
   Reward:      mean    6.71 ±    4.70
   Base Reward: mean    0.00 ±    0.00
   Loss:        pg_loss -0.0049  v_loss  1.6186  ent_loss -2.0850  loss  0.7836
   Others:      advantage -0.0000 ±  0.9999  value  4.8816 ±  2.8976
   Action 1 frac:    0.02
   Action prob:    0.20
[1:27:08 INFO]: Saved checkpoint to experiments/procgen_expert/last.ckpt
[1:27:08 INFO]: Evaluating on test split
[1:27:21 INFO]:    Steps:         17081
   Episode length: mean   66.72  min   17.00  max  256.00
   Reward:         mean 7.85 ± 0.50
   Base Reward:    mean 0.00 ± 0.00
   Action 1 fraction:    0.03

[1:27:21 INFO]: Saved checkpoint to experiments/procgen_expert/best_test.ckpt
[1:27:21 INFO]: BEST test so far
[1:27:21 INFO]:    Steps:         17081
   Episode length: mean   66.72  min   17.00  max  256.00
   Reward:         mean 7.85 ± 0.50
   Base Reward:    mean 0.00 ± 0.00
   Action 1 fraction:    0.03

[1:29:02 INFO]: Iteration 430
[1:29:02 INFO]: Train 14090240 steps:
[1:29:11 INFO]: 
   Reward:      mean    6.73 ±    4.69
   Base Reward: mean    0.00 ±    0.00
   Loss:        pg_loss -0.0049  v_loss  1.6177  ent_loss -2.0806  loss  0.7831
   Others:      advantage -0.0000 ±  0.9999  value  4.9075 ±  2.8914
   Action 1 frac:    0.02
   Action prob:    0.21
[1:29:11 INFO]: Saved checkpoint to experiments/procgen_expert/last.ckpt
[1:29:11 INFO]: Evaluating on test split
[1:29:27 INFO]:    Steps:         17833
   Episode length: mean   69.66  min   15.00  max  256.00
   Reward:         mean 7.62 ± 0.52
   Base Reward:    mean 0.00 ± 0.00
   Action 1 fraction:    0.02

[1:29:27 INFO]: BEST test so far
[1:29:27 INFO]:    Steps:         17081
   Episode length: mean   66.72  min   17.00  max  256.00
   Reward:         mean 7.85 ± 0.50
   Base Reward:    mean 0.00 ± 0.00
   Action 1 fraction:    0.03

[1:31:11 INFO]: Iteration 440
[1:31:11 INFO]: Train 14417920 steps:
[1:31:20 INFO]: 
   Reward:      mean    6.75 ±    4.68
   Base Reward: mean    0.00 ±    0.00
   Loss:        pg_loss -0.0050  v_loss  1.6161  ent_loss -2.0760  loss  0.7823
   Others:      advantage -0.0000 ±  0.9999  value  4.9281 ±  2.8855
   Action 1 frac:    0.02
   Action prob:    0.21
[1:31:20 INFO]: Saved checkpoint to experiments/procgen_expert/last.ckpt
[1:31:20 INFO]: Evaluating on test split
[1:31:35 INFO]:    Steps:         20173
   Episode length: mean   78.80  min   16.00  max  256.00
   Reward:         mean 7.58 ± 0.52
   Base Reward:    mean 0.00 ± 0.00
   Action 1 fraction:    0.02

[1:31:35 INFO]: BEST test so far
[1:31:35 INFO]:    Steps:         17081
   Episode length: mean   66.72  min   17.00  max  256.00
   Reward:         mean 7.85 ± 0.50
   Base Reward:    mean 0.00 ± 0.00
   Action 1 fraction:    0.03

[1:33:17 INFO]: Iteration 450
[1:33:17 INFO]: Train 14745600 steps:
[1:33:26 INFO]: 
   Reward:      mean    6.77 ±    4.68
   Base Reward: mean    0.00 ±    0.00
   Loss:        pg_loss -0.0051  v_loss  1.6126  ent_loss -2.0718  loss  0.7805
   Others:      advantage -0.0000 ±  0.9999  value  4.9439 ±  2.8791
   Action 1 frac:    0.02
   Action prob:    0.21
[1:33:26 INFO]: Saved checkpoint to experiments/procgen_expert/last.ckpt
[1:33:26 INFO]: Evaluating on test split
[1:33:40 INFO]:    Steps:         20001
   Episode length: mean   78.13  min   18.00  max  256.00
   Reward:         mean 7.77 ± 0.51
   Base Reward:    mean 0.00 ± 0.00
   Action 1 fraction:    0.02

[1:33:40 INFO]: BEST test so far
[1:33:40 INFO]:    Steps:         17081
   Episode length: mean   66.72  min   17.00  max  256.00
   Reward:         mean 7.85 ± 0.50
   Base Reward:    mean 0.00 ± 0.00
   Action 1 fraction:    0.03

[1:35:26 INFO]: Iteration 460
[1:35:26 INFO]: Train 15073280 steps:
[1:35:35 INFO]: 
   Reward:      mean    6.79 ±    4.67
   Base Reward: mean    0.00 ±    0.00
   Loss:        pg_loss -0.0052  v_loss  1.6100  ent_loss -2.0679  loss  0.7792
   Others:      advantage -0.0000 ±  0.9999  value  4.9631 ±  2.8732
   Action 1 frac:    0.02
   Action prob:    0.21
[1:35:35 INFO]: Saved checkpoint to experiments/procgen_expert/last.ckpt
[1:35:35 INFO]: Evaluating on test split
[1:35:51 INFO]:    Steps:         22343
   Episode length: mean   87.28  min   15.00  max  256.00
   Reward:         mean 7.38 ± 0.54
   Base Reward:    mean 0.00 ± 0.00
   Action 1 fraction:    0.03

[1:35:51 INFO]: BEST test so far
[1:35:51 INFO]:    Steps:         17081
   Episode length: mean   66.72  min   17.00  max  256.00
   Reward:         mean 7.85 ± 0.50
   Base Reward:    mean 0.00 ± 0.00
   Action 1 fraction:    0.03

[1:37:40 INFO]: Iteration 470
[1:37:40 INFO]: Train 15400960 steps:
[1:37:50 INFO]: 
   Reward:      mean    6.81 ±    4.66
   Base Reward: mean    0.00 ±    0.00
   Loss:        pg_loss -0.0052  v_loss  1.6080  ent_loss -2.0646  loss  0.7781
   Others:      advantage -0.0000 ±  0.9999  value  4.9819 ±  2.8672
   Action 1 frac:    0.02
   Action prob:    0.21
[1:37:50 INFO]: Saved checkpoint to experiments/procgen_expert/last.ckpt
[1:37:50 INFO]: Evaluating on test split
[1:38:06 INFO]:    Steps:         16496
   Episode length: mean   64.44  min   17.00  max  256.00
   Reward:         mean 7.38 ± 0.54
   Base Reward:    mean 0.00 ± 0.00
   Action 1 fraction:    0.02

[1:38:06 INFO]: BEST test so far
[1:38:06 INFO]:    Steps:         17081
   Episode length: mean   66.72  min   17.00  max  256.00
   Reward:         mean 7.85 ± 0.50
   Base Reward:    mean 0.00 ± 0.00
   Action 1 fraction:    0.03

[1:39:57 INFO]: Iteration 480
[1:39:57 INFO]: Train 15728640 steps:
[1:40:07 INFO]: 
   Reward:      mean    6.83 ±    4.65
   Base Reward: mean    0.00 ±    0.00
   Loss:        pg_loss -0.0053  v_loss  1.6091  ent_loss -2.0607  loss  0.7787
   Others:      advantage -0.0000 ±  0.9999  value  5.0112 ±  2.8636
   Action 1 frac:    0.02
   Action prob:    0.21
[1:40:08 INFO]: Saved checkpoint to experiments/procgen_expert/last.ckpt
[1:40:08 INFO]: Evaluating on test split
[1:40:21 INFO]:    Steps:         17764
   Episode length: mean   69.39  min   18.00  max  256.00
   Reward:         mean 7.73 ± 0.51
   Base Reward:    mean 0.00 ± 0.00
   Action 1 fraction:    0.02

[1:40:21 INFO]: BEST test so far
[1:40:21 INFO]:    Steps:         17081
   Episode length: mean   66.72  min   17.00  max  256.00
   Reward:         mean 7.85 ± 0.50
   Base Reward:    mean 0.00 ± 0.00
   Action 1 fraction:    0.03

[1:42:08 INFO]: Iteration 490
[1:42:08 INFO]: Train 16056320 steps:
[1:42:18 INFO]: 
   Reward:      mean    6.85 ±    4.64
   Base Reward: mean    0.00 ±    0.00
   Loss:        pg_loss -0.0053  v_loss  1.6094  ent_loss -2.0572  loss  0.7788
   Others:      advantage -0.0000 ±  0.9999  value  5.0403 ±  2.8589
   Action 1 frac:    0.02
   Action prob:    0.21
[1:42:18 INFO]: Saved checkpoint to experiments/procgen_expert/last.ckpt
[1:42:18 INFO]: Evaluating on test split
[1:42:33 INFO]:    Steps:         17636
   Episode length: mean   68.89  min   14.00  max  256.00
   Reward:         mean 7.27 ± 0.55
   Base Reward:    mean 0.00 ± 0.00
   Action 1 fraction:    0.01

[1:42:33 INFO]: BEST test so far
[1:42:33 INFO]:    Steps:         17081
   Episode length: mean   66.72  min   17.00  max  256.00
   Reward:         mean 7.85 ± 0.50
   Base Reward:    mean 0.00 ± 0.00
   Action 1 fraction:    0.03

[1:44:18 INFO]: Iteration 500
[1:44:18 INFO]: Train 16384000 steps:
[1:44:28 INFO]: 
   Reward:      mean    6.87 ±    4.64
   Base Reward: mean    0.00 ±    0.00
   Loss:        pg_loss -0.0054  v_loss  1.6102  ent_loss -2.0535  loss  0.7792
   Others:      advantage -0.0000 ±  0.9999  value  5.0719 ±  2.8543
   Action 1 frac:    0.02
   Action prob:    0.21
[1:44:29 INFO]: Saved checkpoint to experiments/procgen_expert/last.ckpt
[1:44:29 INFO]: Evaluating on test split
[1:44:44 INFO]:    Steps:         17700
   Episode length: mean   69.14  min   16.00  max  256.00
   Reward:         mean 8.01 ± 0.49
   Base Reward:    mean 0.00 ± 0.00
   Action 1 fraction:    0.01

[1:44:44 INFO]: Saved checkpoint to experiments/procgen_expert/best_test.ckpt
[1:44:44 INFO]: BEST test so far
[1:44:44 INFO]:    Steps:         17700
   Episode length: mean   69.14  min   16.00  max  256.00
   Reward:         mean 8.01 ± 0.49
   Base Reward:    mean 0.00 ± 0.00
   Action 1 fraction:    0.01

[1:46:30 INFO]: Iteration 510
[1:46:30 INFO]: Train 16711680 steps:
[1:46:40 INFO]: 
   Reward:      mean    6.89 ±    4.63
   Base Reward: mean    0.00 ±    0.00
   Loss:        pg_loss -0.0054  v_loss  1.6100  ent_loss -2.0503  loss  0.7791
   Others:      advantage -0.0000 ±  0.9999  value  5.0982 ±  2.8485
   Action 1 frac:    0.02
   Action prob:    0.21
[1:46:40 INFO]: Saved checkpoint to experiments/procgen_expert/last.ckpt
[1:46:40 INFO]: Evaluating on test split
[1:46:53 INFO]:    Steps:         17910
   Episode length: mean   69.96  min   17.00  max  256.00
   Reward:         mean 8.24 ± 0.47
   Base Reward:    mean 0.00 ± 0.00
   Action 1 fraction:    0.02

[1:46:53 INFO]: Saved checkpoint to experiments/procgen_expert/best_test.ckpt
[1:46:53 INFO]: BEST test so far
[1:46:53 INFO]:    Steps:         17910
   Episode length: mean   69.96  min   17.00  max  256.00
   Reward:         mean 8.24 ± 0.47
   Base Reward:    mean 0.00 ± 0.00
   Action 1 fraction:    0.02

[1:48:36 INFO]: Iteration 520
[1:48:36 INFO]: Train 17039360 steps:
[1:48:46 INFO]: 
   Reward:      mean    6.91 ±    4.62
   Base Reward: mean    0.00 ±    0.00
   Loss:        pg_loss -0.0055  v_loss  1.6080  ent_loss -2.0474  loss  0.7780
   Others:      advantage -0.0000 ±  0.9999  value  5.1189 ±  2.8423
   Action 1 frac:    0.02
   Action prob:    0.21
[1:48:47 INFO]: Saved checkpoint to experiments/procgen_expert/last.ckpt
[1:48:47 INFO]: Evaluating on test split
[1:49:01 INFO]:    Steps:         18895
   Episode length: mean   73.81  min   16.00  max  253.00
   Reward:         mean 7.77 ± 0.51
   Base Reward:    mean 0.00 ± 0.00
   Action 1 fraction:    0.02

[1:49:01 INFO]: BEST test so far
[1:49:01 INFO]:    Steps:         17910
   Episode length: mean   69.96  min   17.00  max  256.00
   Reward:         mean 8.24 ± 0.47
   Base Reward:    mean 0.00 ± 0.00
   Action 1 fraction:    0.02

[1:50:46 INFO]: Iteration 530
[1:50:46 INFO]: Train 17367040 steps:
[1:50:57 INFO]: 
   Reward:      mean    6.93 ±    4.61
   Base Reward: mean    0.00 ±    0.00
   Loss:        pg_loss -0.0055  v_loss  1.6069  ent_loss -2.0435  loss  0.7775
   Others:      advantage -0.0000 ±  0.9999  value  5.1412 ±  2.8368
   Action 1 frac:    0.02
   Action prob:    0.21
[1:50:57 INFO]: Saved checkpoint to experiments/procgen_expert/last.ckpt
[1:50:57 INFO]: Evaluating on test split
[1:51:12 INFO]:    Steps:         18643
   Episode length: mean   72.82  min   16.00  max  256.00
   Reward:         mean 7.54 ± 0.53
   Base Reward:    mean 0.00 ± 0.00
   Action 1 fraction:    0.02

[1:51:12 INFO]: BEST test so far
[1:51:12 INFO]:    Steps:         17910
   Episode length: mean   69.96  min   17.00  max  256.00
   Reward:         mean 8.24 ± 0.47
   Base Reward:    mean 0.00 ± 0.00
   Action 1 fraction:    0.02

[1:52:56 INFO]: Iteration 540
[1:52:56 INFO]: Train 17694720 steps:
[1:53:08 INFO]: 
   Reward:      mean    6.95 ±    4.61
   Base Reward: mean    0.00 ±    0.00
   Loss:        pg_loss -0.0056  v_loss  1.6063  ent_loss -2.0400  loss  0.7772
   Others:      advantage -0.0000 ±  0.9999  value  5.1611 ±  2.8314
   Action 1 frac:    0.02
   Action prob:    0.22
[1:53:08 INFO]: Saved checkpoint to experiments/procgen_expert/last.ckpt
[1:53:08 INFO]: Evaluating on test split
[1:53:20 INFO]:    Steps:         19154
   Episode length: mean   74.82  min   18.00  max  256.00
   Reward:         mean 7.77 ± 0.51
   Base Reward:    mean 0.00 ± 0.00
   Action 1 fraction:    0.01

[1:53:20 INFO]: BEST test so far
[1:53:20 INFO]:    Steps:         17910
   Episode length: mean   69.96  min   17.00  max  256.00
   Reward:         mean 8.24 ± 0.47
   Base Reward:    mean 0.00 ± 0.00
   Action 1 fraction:    0.02

[1:55:11 INFO]: Iteration 550
[1:55:11 INFO]: Train 18022400 steps:
[1:55:23 INFO]: 
   Reward:      mean    6.96 ±    4.60
   Base Reward: mean    0.00 ±    0.00
   Loss:        pg_loss -0.0056  v_loss  1.6046  ent_loss -2.0372  loss  0.7763
   Others:      advantage -0.0000 ±  0.9999  value  5.1790 ±  2.8266
   Action 1 frac:    0.02
   Action prob:    0.22
[1:55:23 INFO]: Saved checkpoint to experiments/procgen_expert/last.ckpt
[1:55:23 INFO]: Evaluating on test split
[1:55:41 INFO]:    Steps:         19268
   Episode length: mean   75.27  min   16.00  max  256.00
   Reward:         mean 7.73 ± 0.51
   Base Reward:    mean 0.00 ± 0.00
   Action 1 fraction:    0.02

[1:55:41 INFO]: BEST test so far
[1:55:41 INFO]:    Steps:         17910
   Episode length: mean   69.96  min   17.00  max  256.00
   Reward:         mean 8.24 ± 0.47
   Base Reward:    mean 0.00 ± 0.00
   Action 1 fraction:    0.02

[1:57:34 INFO]: Iteration 560
[1:57:34 INFO]: Train 18350080 steps:
[1:57:46 INFO]: 
   Reward:      mean    6.98 ±    4.59
   Base Reward: mean    0.00 ±    0.00
   Loss:        pg_loss -0.0057  v_loss  1.6034  ent_loss -2.0346  loss  0.7757
   Others:      advantage -0.0000 ±  0.9999  value  5.1989 ±  2.8212
   Action 1 frac:    0.02
   Action prob:    0.22
[1:57:46 INFO]: Saved checkpoint to experiments/procgen_expert/last.ckpt
[1:57:46 INFO]: Evaluating on test split
[1:58:01 INFO]:    Steps:         20248
   Episode length: mean   79.09  min   17.00  max  256.00
   Reward:         mean 7.81 ± 0.51
   Base Reward:    mean 0.00 ± 0.00
   Action 1 fraction:    0.02

[1:58:01 INFO]: BEST test so far
[1:58:01 INFO]:    Steps:         17910
   Episode length: mean   69.96  min   17.00  max  256.00
   Reward:         mean 8.24 ± 0.47
   Base Reward:    mean 0.00 ± 0.00
   Action 1 fraction:    0.02

[1:59:47 INFO]: Iteration 570
[1:59:47 INFO]: Train 18677760 steps:
[1:59:59 INFO]: 
   Reward:      mean    7.00 ±    4.58
   Base Reward: mean    0.00 ±    0.00
   Loss:        pg_loss -0.0058  v_loss  1.6012  ent_loss -2.0326  loss  0.7745
   Others:      advantage -0.0000 ±  0.9999  value  5.2130 ±  2.8149
   Action 1 frac:    0.02
   Action prob:    0.22
[1:59:59 INFO]: Saved checkpoint to experiments/procgen_expert/last.ckpt
[1:59:59 INFO]: Evaluating on test split
[2:00:13 INFO]:    Steps:         17796
   Episode length: mean   69.52  min   17.00  max  256.00
   Reward:         mean 7.89 ± 0.50
   Base Reward:    mean 0.00 ± 0.00
   Action 1 fraction:    0.02

[2:00:13 INFO]: BEST test so far
[2:00:13 INFO]:    Steps:         17910
   Episode length: mean   69.96  min   17.00  max  256.00
   Reward:         mean 8.24 ± 0.47
   Base Reward:    mean 0.00 ± 0.00
   Action 1 fraction:    0.02

[2:01:58 INFO]: Iteration 580
[2:01:58 INFO]: Train 19005440 steps:
[2:02:10 INFO]: 
   Reward:      mean    7.01 ±    4.58
   Base Reward: mean    0.00 ±    0.00
   Loss:        pg_loss -0.0058  v_loss  1.5995  ent_loss -2.0311  loss  0.7736
   Others:      advantage -0.0000 ±  0.9999  value  5.2271 ±  2.8100
   Action 1 frac:    0.02
   Action prob:    0.22
[2:02:10 INFO]: Saved checkpoint to experiments/procgen_expert/last.ckpt
[2:02:10 INFO]: Evaluating on test split
[2:02:26 INFO]:    Steps:         19503
   Episode length: mean   76.18  min   20.00  max  256.00
   Reward:         mean 7.97 ± 0.49
   Base Reward:    mean 0.00 ± 0.00
   Action 1 fraction:    0.02

[2:02:26 INFO]: BEST test so far
[2:02:26 INFO]:    Steps:         17910
   Episode length: mean   69.96  min   17.00  max  256.00
   Reward:         mean 8.24 ± 0.47
   Base Reward:    mean 0.00 ± 0.00
   Action 1 fraction:    0.02

[2:04:10 INFO]: Iteration 590
[2:04:10 INFO]: Train 19333120 steps:
[2:04:22 INFO]: 
   Reward:      mean    7.03 ±    4.57
   Base Reward: mean    0.00 ±    0.00
   Loss:        pg_loss -0.0059  v_loss  1.5962  ent_loss -2.0298  loss  0.7719
   Others:      advantage -0.0000 ±  0.9999  value  5.2355 ±  2.8042
   Action 1 frac:    0.02
   Action prob:    0.22
[2:04:22 INFO]: Saved checkpoint to experiments/procgen_expert/last.ckpt
[2:04:22 INFO]: Evaluating on test split
[2:04:36 INFO]:    Steps:         19932
   Episode length: mean   77.86  min   18.00  max  256.00
   Reward:         mean 8.24 ± 0.47
   Base Reward:    mean 0.00 ± 0.00
   Action 1 fraction:    0.02

[2:04:36 INFO]: BEST test so far
[2:04:36 INFO]:    Steps:         17910
   Episode length: mean   69.96  min   17.00  max  256.00
   Reward:         mean 8.24 ± 0.47
   Base Reward:    mean 0.00 ± 0.00
   Action 1 fraction:    0.02

[2:06:19 INFO]: Iteration 600
[2:06:19 INFO]: Train 19660800 steps:
[2:06:31 INFO]: 
   Reward:      mean    7.04 ±    4.57
   Base Reward: mean    0.00 ±    0.00
   Loss:        pg_loss -0.0060  v_loss  1.5927  ent_loss -2.0283  loss  0.7701
   Others:      advantage -0.0000 ±  0.9999  value  5.2438 ±  2.7994
   Action 1 frac:    0.02
   Action prob:    0.22
[2:06:31 INFO]: Saved checkpoint to experiments/procgen_expert/last.ckpt
[2:06:31 INFO]: Evaluating on test split
[2:06:47 INFO]:    Steps:         19618
   Episode length: mean   76.63  min   19.00  max  256.00
   Reward:         mean 7.46 ± 0.53
   Base Reward:    mean 0.00 ± 0.00
   Action 1 fraction:    0.03

[2:06:47 INFO]: BEST test so far
[2:06:47 INFO]:    Steps:         17910
   Episode length: mean   69.96  min   17.00  max  256.00
   Reward:         mean 8.24 ± 0.47
   Base Reward:    mean 0.00 ± 0.00
   Action 1 fraction:    0.02

[2:08:27 INFO]: Iteration 610
[2:08:27 INFO]: Train 19988480 steps:
[2:08:40 INFO]: 
   Reward:      mean    7.05 ±    4.56
   Base Reward: mean    0.00 ±    0.00
   Loss:        pg_loss -0.0060  v_loss  1.5897  ent_loss -2.0266  loss  0.7685
   Others:      advantage -0.0000 ±  0.9999  value  5.2525 ±  2.7952
   Action 1 frac:    0.02
   Action prob:    0.22
[2:08:40 INFO]: Saved checkpoint to experiments/procgen_expert/last.ckpt
[2:08:40 INFO]: Evaluating on test split
[2:08:55 INFO]:    Steps:         20882
   Episode length: mean   81.57  min   17.00  max  256.00
   Reward:         mean 7.77 ± 0.51
   Base Reward:    mean 0.00 ± 0.00
   Action 1 fraction:    0.03

[2:08:55 INFO]: BEST test so far
[2:08:55 INFO]:    Steps:         17910
   Episode length: mean   69.96  min   17.00  max  256.00
   Reward:         mean 8.24 ± 0.47
   Base Reward:    mean 0.00 ± 0.00
   Action 1 fraction:    0.02

[2:10:38 INFO]: Iteration 620
[2:10:38 INFO]: Train 20316160 steps:
[2:10:51 INFO]: 
   Reward:      mean    7.06 ±    4.55
   Base Reward: mean    0.00 ±    0.00
   Loss:        pg_loss -0.0061  v_loss  1.5861  ent_loss -2.0255  loss  0.7667
   Others:      advantage -0.0000 ±  0.9999  value  5.2569 ±  2.7925
   Action 1 frac:    0.02
   Action prob:    0.22
[2:10:51 INFO]: Saved checkpoint to experiments/procgen_expert/last.ckpt
[2:10:51 INFO]: Evaluating on test split
[2:11:07 INFO]:    Steps:         19481
   Episode length: mean   76.10  min   16.00  max  256.00
   Reward:         mean 7.97 ± 0.49
   Base Reward:    mean 0.00 ± 0.00
   Action 1 fraction:    0.03

[2:11:07 INFO]: BEST test so far
[2:11:07 INFO]:    Steps:         17910
   Episode length: mean   69.96  min   17.00  max  256.00
   Reward:         mean 8.24 ± 0.47
   Base Reward:    mean 0.00 ± 0.00
   Action 1 fraction:    0.02

[2:12:51 INFO]: Iteration 630
[2:12:51 INFO]: Train 20643840 steps:
[2:13:04 INFO]: 
   Reward:      mean    7.08 ±    4.55
   Base Reward: mean    0.00 ±    0.00
   Loss:        pg_loss -0.0062  v_loss  1.5839  ent_loss -2.0239  loss  0.7655
   Others:      advantage -0.0000 ±  0.9999  value  5.2634 ±  2.7908
   Action 1 frac:    0.02
   Action prob:    0.22
[2:13:04 INFO]: Saved checkpoint to experiments/procgen_expert/last.ckpt
[2:13:04 INFO]: Evaluating on test split
[2:13:22 INFO]:    Steps:         18063
   Episode length: mean   70.56  min   19.00  max  256.00
   Reward:         mean 8.09 ± 0.48
   Base Reward:    mean 0.00 ± 0.00
   Action 1 fraction:    0.02

[2:13:22 INFO]: BEST test so far
[2:13:22 INFO]:    Steps:         17910
   Episode length: mean   69.96  min   17.00  max  256.00
   Reward:         mean 8.24 ± 0.47
   Base Reward:    mean 0.00 ± 0.00
   Action 1 fraction:    0.02

[2:15:19 INFO]: Iteration 640
[2:15:19 INFO]: Train 20971520 steps:
[2:15:32 INFO]: 
   Reward:      mean    7.09 ±    4.54
   Base Reward: mean    0.00 ±    0.00
   Loss:        pg_loss -0.0062  v_loss  1.5832  ent_loss -2.0211  loss  0.7652
   Others:      advantage -0.0000 ±  0.9999  value  5.2766 ±  2.7878
   Action 1 frac:    0.02
   Action prob:    0.22
[2:15:32 INFO]: Saved checkpoint to experiments/procgen_expert/last.ckpt
[2:15:32 INFO]: Evaluating on test split
[2:15:49 INFO]:    Steps:         18429
   Episode length: mean   71.99  min   19.00  max  256.00
   Reward:         mean 7.50 ± 0.53
   Base Reward:    mean 0.00 ± 0.00
   Action 1 fraction:    0.03

[2:15:49 INFO]: BEST test so far
[2:15:49 INFO]:    Steps:         17910
   Episode length: mean   69.96  min   17.00  max  256.00
   Reward:         mean 8.24 ± 0.47
   Base Reward:    mean 0.00 ± 0.00
   Action 1 fraction:    0.02

[2:17:36 INFO]: Iteration 650
[2:17:36 INFO]: Train 21299200 steps:
[2:17:49 INFO]: 
   Reward:      mean    7.10 ±    4.54
   Base Reward: mean    0.00 ±    0.00
   Loss:        pg_loss -0.0063  v_loss  1.5833  ent_loss -2.0179  loss  0.7652
   Others:      advantage -0.0000 ±  0.9999  value  5.2940 ±  2.7854
   Action 1 frac:    0.02
   Action prob:    0.22
[2:17:49 INFO]: Saved checkpoint to experiments/procgen_expert/last.ckpt
[2:17:49 INFO]: Evaluating on test split
[2:18:01 INFO]:    Steps:         18200
   Episode length: mean   71.09  min   18.00  max  256.00
   Reward:         mean 7.97 ± 0.49
   Base Reward:    mean 0.00 ± 0.00
   Action 1 fraction:    0.02

[2:18:01 INFO]: BEST test so far
[2:18:01 INFO]:    Steps:         17910
   Episode length: mean   69.96  min   17.00  max  256.00
   Reward:         mean 8.24 ± 0.47
   Base Reward:    mean 0.00 ± 0.00
   Action 1 fraction:    0.02

[2:19:48 INFO]: Iteration 660
[2:19:48 INFO]: Train 21626880 steps:
[2:20:01 INFO]: 
   Reward:      mean    7.12 ±    4.53
   Base Reward: mean    0.00 ±    0.00
   Loss:        pg_loss -0.0063  v_loss  1.5830  ent_loss -2.0149  loss  0.7650
   Others:      advantage -0.0000 ±  0.9999  value  5.3102 ±  2.7820
   Action 1 frac:    0.02
   Action prob:    0.22
[2:20:01 INFO]: Saved checkpoint to experiments/procgen_expert/last.ckpt
[2:20:01 INFO]: Evaluating on test split
[2:20:15 INFO]:    Steps:         18414
   Episode length: mean   71.93  min   17.00  max  235.00
   Reward:         mean 7.93 ± 0.50
   Base Reward:    mean 0.00 ± 0.00
   Action 1 fraction:    0.02

[2:20:15 INFO]: BEST test so far
[2:20:15 INFO]:    Steps:         17910
   Episode length: mean   69.96  min   17.00  max  256.00
   Reward:         mean 8.24 ± 0.47
   Base Reward:    mean 0.00 ± 0.00
   Action 1 fraction:    0.02

[2:21:59 INFO]: Iteration 670
[2:21:59 INFO]: Train 21954560 steps:
[2:22:13 INFO]: 
   Reward:      mean    7.13 ±    4.52
   Base Reward: mean    0.00 ±    0.00
   Loss:        pg_loss -0.0064  v_loss  1.5826  ent_loss -2.0122  loss  0.7648
   Others:      advantage -0.0000 ±  0.9999  value  5.3259 ±  2.7783
   Action 1 frac:    0.02
   Action prob:    0.22
[2:22:13 INFO]: Saved checkpoint to experiments/procgen_expert/last.ckpt
[2:22:13 INFO]: Evaluating on test split
[2:22:26 INFO]:    Steps:         19049
   Episode length: mean   74.41  min   18.00  max  256.00
   Reward:         mean 7.70 ± 0.52
   Base Reward:    mean 0.00 ± 0.00
   Action 1 fraction:    0.02

[2:22:26 INFO]: BEST test so far
[2:22:26 INFO]:    Steps:         17910
   Episode length: mean   69.96  min   17.00  max  256.00
   Reward:         mean 8.24 ± 0.47
   Base Reward:    mean 0.00 ± 0.00
   Action 1 fraction:    0.02

[2:24:09 INFO]: Iteration 680
[2:24:09 INFO]: Train 22282240 steps:
[2:24:23 INFO]: 
   Reward:      mean    7.15 ±    4.52
   Base Reward: mean    0.00 ±    0.00
   Loss:        pg_loss -0.0064  v_loss  1.5828  ent_loss -2.0095  loss  0.7648
   Others:      advantage -0.0000 ±  0.9999  value  5.3422 ±  2.7745
   Action 1 frac:    0.02
   Action prob:    0.22
[2:24:23 INFO]: Saved checkpoint to experiments/procgen_expert/last.ckpt
[2:24:23 INFO]: Evaluating on test split
[2:24:36 INFO]:    Steps:         19741
   Episode length: mean   77.11  min   16.00  max  256.00
   Reward:         mean 8.09 ± 0.48
   Base Reward:    mean 0.00 ± 0.00
   Action 1 fraction:    0.02

[2:24:36 INFO]: BEST test so far
[2:24:36 INFO]:    Steps:         17910
   Episode length: mean   69.96  min   17.00  max  256.00
   Reward:         mean 8.24 ± 0.47
   Base Reward:    mean 0.00 ± 0.00
   Action 1 fraction:    0.02

[2:26:19 INFO]: Iteration 690
[2:26:19 INFO]: Train 22609920 steps:
[2:26:35 INFO]: 
   Reward:      mean    7.16 ±    4.51
   Base Reward: mean    0.00 ±    0.00
   Loss:        pg_loss -0.0065  v_loss  1.5822  ent_loss -2.0069  loss  0.7645
   Others:      advantage -0.0000 ±  0.9999  value  5.3568 ±  2.7699
   Action 1 frac:    0.02
   Action prob:    0.22
[2:26:35 INFO]: Saved checkpoint to experiments/procgen_expert/last.ckpt
[2:26:35 INFO]: Evaluating on test split
[2:26:51 INFO]:    Steps:         18976
   Episode length: mean   74.12  min   18.00  max  256.00
   Reward:         mean 7.81 ± 0.51
   Base Reward:    mean 0.00 ± 0.00
   Action 1 fraction:    0.02

[2:26:51 INFO]: BEST test so far
[2:26:51 INFO]:    Steps:         17910
   Episode length: mean   69.96  min   17.00  max  256.00
   Reward:         mean 8.24 ± 0.47
   Base Reward:    mean 0.00 ± 0.00
   Action 1 fraction:    0.02

[2:28:35 INFO]: Iteration 700
[2:28:35 INFO]: Train 22937600 steps:
[2:28:49 INFO]: 
   Reward:      mean    7.17 ±    4.50
   Base Reward: mean    0.00 ±    0.00
   Loss:        pg_loss -0.0065  v_loss  1.5813  ent_loss -2.0046  loss  0.7641
   Others:      advantage -0.0000 ±  0.9999  value  5.3712 ±  2.7651
   Action 1 frac:    0.02
   Action prob:    0.22
[2:28:49 INFO]: Saved checkpoint to experiments/procgen_expert/last.ckpt
[2:28:49 INFO]: Evaluating on test split
[2:29:04 INFO]:    Steps:         17622
   Episode length: mean   68.84  min   16.00  max  256.00
   Reward:         mean 7.50 ± 0.53
   Base Reward:    mean 0.00 ± 0.00
   Action 1 fraction:    0.01

[2:29:04 INFO]: BEST test so far
[2:29:04 INFO]:    Steps:         17910
   Episode length: mean   69.96  min   17.00  max  256.00
   Reward:         mean 8.24 ± 0.47
   Base Reward:    mean 0.00 ± 0.00
   Action 1 fraction:    0.02

[2:30:47 INFO]: Iteration 710
[2:30:47 INFO]: Train 23265280 steps:
[2:31:02 INFO]: 
   Reward:      mean    7.18 ±    4.50
   Base Reward: mean    0.00 ±    0.00
   Loss:        pg_loss -0.0066  v_loss  1.5812  ent_loss -2.0020  loss  0.7640
   Others:      advantage -0.0000 ±  0.9999  value  5.3877 ±  2.7608
   Action 1 frac:    0.02
   Action prob:    0.22
[2:31:02 INFO]: Saved checkpoint to experiments/procgen_expert/last.ckpt
[2:31:02 INFO]: Evaluating on test split
[2:31:17 INFO]:    Steps:         19907
   Episode length: mean   77.76  min   19.00  max  256.00
   Reward:         mean 7.70 ± 0.52
   Base Reward:    mean 0.00 ± 0.00
   Action 1 fraction:    0.01

[2:31:17 INFO]: BEST test so far
[2:31:17 INFO]:    Steps:         17910
   Episode length: mean   69.96  min   17.00  max  256.00
   Reward:         mean 8.24 ± 0.47
   Base Reward:    mean 0.00 ± 0.00
   Action 1 fraction:    0.02

[2:33:04 INFO]: Iteration 720
[2:33:04 INFO]: Train 23592960 steps:
[2:33:18 INFO]: 
   Reward:      mean    7.19 ±    4.49
   Base Reward: mean    0.00 ±    0.00
   Loss:        pg_loss -0.0066  v_loss  1.5807  ent_loss -1.9996  loss  0.7637
   Others:      advantage -0.0000 ±  0.9999  value  5.4020 ±  2.7559
   Action 1 frac:    0.02
   Action prob:    0.22
[2:33:18 INFO]: Saved checkpoint to experiments/procgen_expert/last.ckpt
[2:33:18 INFO]: Evaluating on test split
[2:33:37 INFO]:    Steps:         18408
   Episode length: mean   71.91  min   16.00  max  256.00
   Reward:         mean 8.01 ± 0.49
   Base Reward:    mean 0.00 ± 0.00
   Action 1 fraction:    0.01

[2:33:37 INFO]: BEST test so far
[2:33:37 INFO]:    Steps:         17910
   Episode length: mean   69.96  min   17.00  max  256.00
   Reward:         mean 8.24 ± 0.47
   Base Reward:    mean 0.00 ± 0.00
   Action 1 fraction:    0.02

[2:35:31 INFO]: Iteration 730
[2:35:31 INFO]: Train 23920640 steps:
[2:35:47 INFO]: 
   Reward:      mean    7.20 ±    4.49
   Base Reward: mean    0.00 ±    0.00
   Loss:        pg_loss -0.0067  v_loss  1.5797  ent_loss -1.9980  loss  0.7632
   Others:      advantage -0.0000 ±  0.9999  value  5.4150 ±  2.7505
   Action 1 frac:    0.02
   Action prob:    0.22
[2:35:47 INFO]: Saved checkpoint to experiments/procgen_expert/last.ckpt
[2:35:47 INFO]: Evaluating on test split
[2:36:01 INFO]:    Steps:         20858
   Episode length: mean   81.48  min   20.00  max  256.00
   Reward:         mean 7.81 ± 0.51
   Base Reward:    mean 0.00 ± 0.00
   Action 1 fraction:    0.01

[2:36:01 INFO]: BEST test so far
[2:36:01 INFO]:    Steps:         17910
   Episode length: mean   69.96  min   17.00  max  256.00
   Reward:         mean 8.24 ± 0.47
   Base Reward:    mean 0.00 ± 0.00
   Action 1 fraction:    0.02

[2:37:49 INFO]: Iteration 740
[2:37:49 INFO]: Train 24248320 steps:
[2:38:04 INFO]: 
   Reward:      mean    7.21 ±    4.48
   Base Reward: mean    0.00 ±    0.00
   Loss:        pg_loss -0.0067  v_loss  1.5783  ent_loss -1.9964  loss  0.7625
   Others:      advantage -0.0000 ±  0.9999  value  5.4254 ±  2.7455
   Action 1 frac:    0.02
   Action prob:    0.23
[2:38:04 INFO]: Saved checkpoint to experiments/procgen_expert/last.ckpt
[2:38:04 INFO]: Evaluating on test split
[2:38:19 INFO]:    Steps:         18582
   Episode length: mean   72.59  min   18.00  max  256.00
   Reward:         mean 8.55 ± 0.43
   Base Reward:    mean 0.00 ± 0.00
   Action 1 fraction:    0.02

[2:38:19 INFO]: Saved checkpoint to experiments/procgen_expert/best_test.ckpt
[2:38:19 INFO]: BEST test so far
[2:38:19 INFO]:    Steps:         18582
   Episode length: mean   72.59  min   18.00  max  256.00
   Reward:         mean 8.55 ± 0.43
   Base Reward:    mean 0.00 ± 0.00
   Action 1 fraction:    0.02

[2:40:05 INFO]: Iteration 750
[2:40:05 INFO]: Train 24576000 steps:
[2:40:21 INFO]: 
   Reward:      mean    7.22 ±    4.48
   Base Reward: mean    0.00 ±    0.00
   Loss:        pg_loss -0.0068  v_loss  1.5763  ent_loss -1.9951  loss  0.7614
   Others:      advantage -0.0000 ±  0.9999  value  5.4321 ±  2.7412
   Action 1 frac:    0.02
   Action prob:    0.23
[2:40:21 INFO]: Saved checkpoint to experiments/procgen_expert/last.ckpt
[2:40:21 INFO]: Evaluating on test split
[2:40:36 INFO]:    Steps:         20067
   Episode length: mean   78.39  min   19.00  max  256.00
   Reward:         mean 7.97 ± 0.49
   Base Reward:    mean 0.00 ± 0.00
   Action 1 fraction:    0.02

[2:40:36 INFO]: BEST test so far
[2:40:36 INFO]:    Steps:         18582
   Episode length: mean   72.59  min   18.00  max  256.00
   Reward:         mean 8.55 ± 0.43
   Base Reward:    mean 0.00 ± 0.00
   Action 1 fraction:    0.02

[2:42:19 INFO]: Iteration 760
[2:42:19 INFO]: Train 24903680 steps:
[2:42:35 INFO]: 
   Reward:      mean    7.23 ±    4.47
   Base Reward: mean    0.00 ±    0.00
   Loss:        pg_loss -0.0068  v_loss  1.5739  ent_loss -1.9937  loss  0.7602
   Others:      advantage -0.0000 ±  0.9999  value  5.4391 ±  2.7370
   Action 1 frac:    0.02
   Action prob:    0.23
[2:42:35 INFO]: Saved checkpoint to experiments/procgen_expert/last.ckpt
[2:42:35 INFO]: Evaluating on test split
[2:42:51 INFO]:    Steps:         17927
   Episode length: mean   70.03  min   16.00  max  256.00
   Reward:         mean 8.05 ± 0.49
   Base Reward:    mean 0.00 ± 0.00
   Action 1 fraction:    0.02

[2:42:51 INFO]: BEST test so far
[2:42:51 INFO]:    Steps:         18582
   Episode length: mean   72.59  min   18.00  max  256.00
   Reward:         mean 8.55 ± 0.43
   Base Reward:    mean 0.00 ± 0.00
   Action 1 fraction:    0.02

